-------------------------------------------------------------------------------
Test set: junit.framework.TestSuite@7382ab3e
-------------------------------------------------------------------------------
Tests run: 2, Failures: 0, Errors: 2, Skipped: 0, Time elapsed: 30.103 sec <<< FAILURE!
testGreetingService(com.alfrescodev.client.GwtTestApp)  Time elapsed: 29.892 sec  <<< ERROR!
java.lang.NoSuchMethodException: com.alfrescodev.client.GwtTestApp.testGreetingService()
	at java.lang.Class.getMethod(Class.java:1655)
	at com.google.gwt.junit.client.impl.GWTTestAccessor.invoke(GWTTestAccessor.java:36)
	at com.google.gwt.junit.client.impl.GWTRunner.executeTestMethod(GWTRunner.java:266)
	at com.google.gwt.junit.client.GWTTestCase.doRunTest(GWTTestCase.java:150)
	at junit.framework.TestCase.runTest(TestCase.java:62)
	at com.google.gwt.junit.client.GWTTestCase.runBare(GWTTestCase.java:144)
	at com.google.gwt.junit.client.GWTTestCase.__doRunTest(GWTTestCase.java:109)
	at com.google.gwt.junit.client.impl.GWTRunner.runTest(GWTRunner.java:354)
	at com.google.gwt.junit.client.impl.GWTRunner.doRunTest(GWTRunner.java:287)
	at com.google.gwt.junit.client.impl.GWTRunner.access$11(GWTRunner.java:281)
	at com.google.gwt.junit.client.impl.GWTRunner$TestBlockListener.onSuccess(GWTRunner.java:105)
	at com.google.gwt.junit.client.impl.GWTRunner$InitialResponseListener.onSuccess(GWTRunner.java:61)
	at com.google.gwt.junit.client.impl.GWTRunner$InitialResponseListener.onSuccess(GWTRunner.java:1)
	at com.google.gwt.user.client.rpc.impl.RequestCallbackAdapter.onResponseReceived(RequestCallbackAdapter.java:232)
	at com.google.gwt.http.client.Request.fireOnResponseReceived(Request.java:259)
	at com.google.gwt.http.client.RequestBuilder$1.onReadyStateChange(RequestBuilder.java:412)
	at sun.reflect.NativeMethodAccessorImpl.invoke0(Native Method)
	at sun.reflect.NativeMethodAccessorImpl.invoke(NativeMethodAccessorImpl.java:57)
	at sun.reflect.DelegatingMethodAccessorImpl.invoke(DelegatingMethodAccessorImpl.java:43)
	at java.lang.reflect.Method.invoke(Method.java:606)
	at com.google.gwt.dev.shell.MethodAdaptor.invoke(MethodAdaptor.java:103)
	at com.google.gwt.dev.shell.MethodDispatch.invoke(MethodDispatch.java:71)
	at com.google.gwt.dev.shell.OophmSessionHandler.invoke(OophmSessionHandler.java:172)
	at com.google.gwt.dev.shell.BrowserChannelServer.reactToMessagesWhileWaitingForReturn(BrowserChannelServer.java:338)
	at com.google.gwt.dev.shell.BrowserChannelServer.invokeJavascript(BrowserChannelServer.java:219)
	at com.google.gwt.dev.shell.ModuleSpaceOOPHM.doInvoke(ModuleSpaceOOPHM.java:136)
	at com.google.gwt.dev.shell.ModuleSpace.invokeNative(ModuleSpace.java:576)
	at com.google.gwt.dev.shell.ModuleSpace.invokeNativeObject(ModuleSpace.java:284)
	at com.google.gwt.dev.shell.JavaScriptHost.invokeNativeObject(JavaScriptHost.java:91)
	at com.google.gwt.core.client.impl.Impl.apply(Impl.java)
	at com.google.gwt.core.client.impl.Impl.entry0(Impl.java:363)
	at sun.reflect.NativeMethodAccessorImpl.invoke0(Native Method)
	at sun.reflect.NativeMethodAccessorImpl.invoke(NativeMethodAccessorImpl.java:57)
	at sun.reflect.DelegatingMethodAccessorImpl.invoke(DelegatingMethodAccessorImpl.java:43)
	at java.lang.reflect.Method.invoke(Method.java:606)
	at com.google.gwt.dev.shell.MethodAdaptor.invoke(MethodAdaptor.java:103)
	at com.google.gwt.dev.shell.MethodDispatch.invoke(MethodDispatch.java:71)
	at com.google.gwt.dev.shell.OophmSessionHandler.invoke(OophmSessionHandler.java:172)
	at com.google.gwt.dev.shell.BrowserChannelServer.reactToMessages(BrowserChannelServer.java:293)
	at com.google.gwt.dev.shell.BrowserChannelServer.processConnection(BrowserChannelServer.java:547)
	at com.google.gwt.dev.shell.BrowserChannelServer.run(BrowserChannelServer.java:364)
	at java.lang.Thread.run(Thread.java:724)

testFieldVerifier(com.alfrescodev.client.GwtTestApp)  Time elapsed: 0.062 sec  <<< ERROR!
java.lang.NoSuchMethodException: com.alfrescodev.client.GwtTestApp.testFieldVerifier()
	at java.lang.Class.getMethod(Class.java:1655)
	at com.google.gwt.junit.client.impl.GWTTestAccessor.invoke(GWTTestAccessor.java:36)
	at com.google.gwt.junit.client.impl.GWTRunner.executeTestMethod(GWTRunner.java:266)
	at com.google.gwt.junit.client.GWTTestCase.doRunTest(GWTTestCase.java:150)
	at junit.framework.TestCase.runTest(TestCase.java:62)
	at com.google.gwt.junit.client.GWTTestCase.runBare(GWTTestCase.java:144)
	at com.google.gwt.junit.client.GWTTestCase.__doRunTest(GWTTestCase.java:109)
	at com.google.gwt.junit.client.impl.GWTRunner.runTest(GWTRunner.java:354)
	at com.google.gwt.junit.client.impl.GWTRunner.doRunTest(GWTRunner.java:287)
	at com.google.gwt.junit.client.impl.GWTRunner.access$11(GWTRunner.java:281)
	at com.google.gwt.junit.client.impl.GWTRunner$TestBlockListener.onSuccess(GWTRunner.java:105)
	at com.google.gwt.junit.client.impl.GWTRunner$TestBlockListener.onSuccess(GWTRunner.java:1)
	at com.google.gwt.user.client.rpc.impl.RequestCallbackAdapter.onResponseReceived(RequestCallbackAdapter.java:232)
	at com.google.gwt.http.client.Request.fireOnResponseReceived(Request.java:259)
	at com.google.gwt.http.client.RequestBuilder$1.onReadyStateChange(RequestBuilder.java:412)
	at sun.reflect.NativeMethodAccessorImpl.invoke0(Native Method)
	at sun.reflect.NativeMethodAccessorImpl.invoke(NativeMethodAccessorImpl.java:57)
	at sun.reflect.DelegatingMethodAccessorImpl.invoke(DelegatingMethodAccessorImpl.java:43)
	at java.lang.reflect.Method.invoke(Method.java:606)
	at com.google.gwt.dev.shell.MethodAdaptor.invoke(MethodAdaptor.java:103)
	at com.google.gwt.dev.shell.MethodDispatch.invoke(MethodDispatch.java:71)
	at com.google.gwt.dev.shell.OophmSessionHandler.invoke(OophmSessionHandler.java:172)
	at com.google.gwt.dev.shell.BrowserChannelServer.reactToMessagesWhileWaitingForReturn(BrowserChannelServer.java:338)
	at com.google.gwt.dev.shell.BrowserChannelServer.invokeJavascript(BrowserChannelServer.java:219)
	at com.google.gwt.dev.shell.ModuleSpaceOOPHM.doInvoke(ModuleSpaceOOPHM.java:136)
	at com.google.gwt.dev.shell.ModuleSpace.invokeNative(ModuleSpace.java:576)
	at com.google.gwt.dev.shell.ModuleSpace.invokeNativeObject(ModuleSpace.java:284)
	at com.google.gwt.dev.shell.JavaScriptHost.invokeNativeObject(JavaScriptHost.java:91)
	at com.google.gwt.core.client.impl.Impl.apply(Impl.java)
	at com.google.gwt.core.client.impl.Impl.entry0(Impl.java:363)
	at sun.reflect.NativeMethodAccessorImpl.invoke0(Native Method)
	at sun.reflect.NativeMethodAccessorImpl.invoke(NativeMethodAccessorImpl.java:57)
	at sun.reflect.DelegatingMethodAccessorImpl.invoke(DelegatingMethodAccessorImpl.java:43)
	at java.lang.reflect.Method.invoke(Method.java:606)
	at com.google.gwt.dev.shell.MethodAdaptor.invoke(MethodAdaptor.java:103)
	at com.google.gwt.dev.shell.MethodDispatch.invoke(MethodDispatch.java:71)
	at com.google.gwt.dev.shell.OophmSessionHandler.invoke(OophmSessionHandler.java:172)
	at com.google.gwt.dev.shell.BrowserChannelServer.reactToMessages(BrowserChannelServer.java:293)
	at com.google.gwt.dev.shell.BrowserChannelServer.processConnection(BrowserChannelServer.java:547)
	at com.google.gwt.dev.shell.BrowserChannelServer.run(BrowserChannelServer.java:364)
	at java.lang.Thread.run(Thread.java:724)

