-------------------------------------------------------------------------------
Test set: junit.framework.TestSuite@6ce2e687
-------------------------------------------------------------------------------
Tests run: 1, Failures: 1, Errors: 0, Skipped: 0, Time elapsed: 33.042 sec <<< FAILURE!
testHierarchy1(com.alfrescodev.client.GwtTestApp)  Time elapsed: 33.029 sec  <<< FAILURE!
junit.framework.AssertionFailedError: expected: <true>, actual: <false>
	at junit.framework.Assert.fail(Assert.java:193)
	at junit.framework.Assert.failNotEquals(Assert.java:198)
	at junit.framework.Assert.assertEquals(Assert.java:111)
	at junit.framework.Assert.assertEquals(Assert.java:59)
	at junit.framework.Assert.assertEquals(Assert.java:23)
	at com.alfrescodev.client.GwtTestApp.testHierarchy1(GwtTestApp.java:48)
	at sun.reflect.NativeMethodAccessorImpl.invoke0(Native Method)
	at sun.reflect.NativeMethodAccessorImpl.invoke(NativeMethodAccessorImpl.java:57)
	at sun.reflect.DelegatingMethodAccessorImpl.invoke(DelegatingMethodAccessorImpl.java:43)
	at java.lang.reflect.Method.invoke(Method.java:606)
	at com.google.gwt.junit.client.impl.GWTTestAccessor.invoke(GWTTestAccessor.java:39)
	at com.google.gwt.junit.client.impl.GWTRunner.executeTestMethod(GWTRunner.java:266)
	at com.google.gwt.junit.client.GWTTestCase.doRunTest(GWTTestCase.java:150)
	at junit.framework.TestCase.runTest(TestCase.java:62)
	at com.google.gwt.junit.client.GWTTestCase.runBare(GWTTestCase.java:144)
	at com.google.gwt.junit.client.GWTTestCase.__doRunTest(GWTTestCase.java:109)
	at com.google.gwt.junit.client.impl.GWTRunner.runTest(GWTRunner.java:354)
	at com.google.gwt.junit.client.impl.GWTRunner.doRunTest(GWTRunner.java:287)
	at com.google.gwt.junit.client.impl.GWTRunner.access$11(GWTRunner.java:281)
	at com.google.gwt.junit.client.impl.GWTRunner$TestBlockListener.onSuccess(GWTRunner.java:105)
	at com.google.gwt.junit.client.impl.GWTRunner$InitialResponseListener.onSuccess(GWTRunner.java:61)
	at com.google.gwt.junit.client.impl.GWTRunner$InitialResponseListener.onSuccess(GWTRunner.java:1)
	at com.google.gwt.user.client.rpc.impl.RequestCallbackAdapter.onResponseReceived(RequestCallbackAdapter.java:232)
	at com.google.gwt.http.client.Request.fireOnResponseReceived(Request.java:259)
	at com.google.gwt.http.client.RequestBuilder$1.onReadyStateChange(RequestBuilder.java:412)
	at sun.reflect.NativeMethodAccessorImpl.invoke0(Native Method)
	at sun.reflect.NativeMethodAccessorImpl.invoke(NativeMethodAccessorImpl.java:57)
	at sun.reflect.DelegatingMethodAccessorImpl.invoke(DelegatingMethodAccessorImpl.java:43)
	at java.lang.reflect.Method.invoke(Method.java:606)
	at com.google.gwt.dev.shell.MethodAdaptor.invoke(MethodAdaptor.java:103)
	at com.google.gwt.dev.shell.MethodDispatch.invoke(MethodDispatch.java:71)
	at com.google.gwt.dev.shell.OophmSessionHandler.invoke(OophmSessionHandler.java:172)
	at com.google.gwt.dev.shell.BrowserChannelServer.reactToMessagesWhileWaitingForReturn(BrowserChannelServer.java:338)
	at com.google.gwt.dev.shell.BrowserChannelServer.invokeJavascript(BrowserChannelServer.java:219)
	at com.google.gwt.dev.shell.ModuleSpaceOOPHM.doInvoke(ModuleSpaceOOPHM.java:136)
	at com.google.gwt.dev.shell.ModuleSpace.invokeNative(ModuleSpace.java:576)
	at com.google.gwt.dev.shell.ModuleSpace.invokeNativeObject(ModuleSpace.java:284)
	at com.google.gwt.dev.shell.JavaScriptHost.invokeNativeObject(JavaScriptHost.java:91)
	at com.google.gwt.core.client.impl.Impl.apply(Impl.java)
	at com.google.gwt.core.client.impl.Impl.entry0(Impl.java:363)
	at sun.reflect.NativeMethodAccessorImpl.invoke0(Native Method)
	at sun.reflect.NativeMethodAccessorImpl.invoke(NativeMethodAccessorImpl.java:57)
	at sun.reflect.DelegatingMethodAccessorImpl.invoke(DelegatingMethodAccessorImpl.java:43)
	at java.lang.reflect.Method.invoke(Method.java:606)
	at com.google.gwt.dev.shell.MethodAdaptor.invoke(MethodAdaptor.java:103)
	at com.google.gwt.dev.shell.MethodDispatch.invoke(MethodDispatch.java:71)
	at com.google.gwt.dev.shell.OophmSessionHandler.invoke(OophmSessionHandler.java:172)
	at com.google.gwt.dev.shell.BrowserChannelServer.reactToMessages(BrowserChannelServer.java:293)
	at com.google.gwt.dev.shell.BrowserChannelServer.processConnection(BrowserChannelServer.java:547)
	at com.google.gwt.dev.shell.BrowserChannelServer.run(BrowserChannelServer.java:364)
	at java.lang.Thread.run(Thread.java:724)

