<?xml version="1.0" encoding="UTF-8" ?>
<testsuite failures="1" time="33.035" errors="0" skipped="0" tests="1" name="junit.framework.TestSuite@6ce2e687">
  <properties>
[...]
</properties>
  <testcase time="33.027" classname="com.alfrescodev.client.GwtTestApp" name="testHierarchy1">
    <failure message="expected: &lt;true&gt;, actual: &lt;false&gt;" type="junit.framework.AssertionFailedError">junit.framework.AssertionFailedError: expected: &lt;true&gt;, actual: &lt;false&gt;
	at junit.framework.Assert.fail(Assert.java:193)
	at junit.framework.Assert.failNotEquals(Assert.java:198)
	at junit.framework.Assert.assertEquals(Assert.java:111)
	at junit.framework.Assert.assertEquals(Assert.java:59)
	at junit.framework.Assert.assertEquals(Assert.java:23)
	at com.alfrescodev.client.GwtTestApp.testHierarchy1(GwtTestApp.java:48)
	at sun.reflect.NativeMethodAccessorImpl.invoke0(Native Method)
	at sun.reflect.NativeMethodAccessorImpl.invoke(NativeMethodAccessorImpl.java:57)
	at sun.reflect.DelegatingMethodAccessorImpl.invoke(DelegatingMethodAccessorImpl.java:43)
	at java.lang.reflect.Method.invoke(Method.java:606)
	at com.google.gwt.junit.client.impl.GWTTestAccessor.invoke(GWTTestAccessor.java:39)
	at com.google.gwt.junit.client.impl.GWTRunner.executeTestMethod(GWTRunner.java:266)
	at com.google.gwt.junit.client.GWTTestCase.doRunTest(GWTTestCase.java:150)
	at junit.framework.TestCase.runTest(TestCase.java:62)
	at com.google.gwt.junit.client.GWTTestCase.runBare(GWTTestCase.java:144)
	at com.google.gwt.junit.client.GWTTestCase.__doRunTest(GWTTestCase.java:109)
	at com.google.gwt.junit.client.impl.GWTRunner.runTest(GWTRunner.java:354)
	at com.google.gwt.junit.client.impl.GWTRunner.doRunTest(GWTRunner.java:287)
	at com.google.gwt.junit.client.impl.GWTRunner.access$11(GWTRunner.java:281)
	at com.google.gwt.junit.client.impl.GWTRunner$TestBlockListener.onSuccess(GWTRunner.java:105)
	at com.google.gwt.junit.client.impl.GWTRunner$InitialResponseListener.onSuccess(GWTRunner.java:61)
	at com.google.gwt.junit.client.impl.GWTRunner$InitialResponseListener.onSuccess(GWTRunner.java:1)
	at com.google.gwt.user.client.rpc.impl.RequestCallbackAdapter.onResponseReceived(RequestCallbackAdapter.java:232)
	at com.google.gwt.http.client.Request.fireOnResponseReceived(Request.java:259)
	at com.google.gwt.http.client.RequestBuilder$1.onReadyStateChange(RequestBuilder.java:412)
	at sun.reflect.NativeMethodAccessorImpl.invoke0(Native Method)
	at sun.reflect.NativeMethodAccessorImpl.invoke(NativeMethodAccessorImpl.java:57)
	at sun.reflect.DelegatingMethodAccessorImpl.invoke(DelegatingMethodAccessorImpl.java:43)
	at java.lang.reflect.Method.invoke(Method.java:606)
	at com.google.gwt.dev.shell.MethodAdaptor.invoke(MethodAdaptor.java:103)
	at com.google.gwt.dev.shell.MethodDispatch.invoke(MethodDispatch.java:71)
	at com.google.gwt.dev.shell.OophmSessionHandler.invoke(OophmSessionHandler.java:172)
	at com.google.gwt.dev.shell.BrowserChannelServer.reactToMessagesWhileWaitingForReturn(BrowserChannelServer.java:338)
	at com.google.gwt.dev.shell.BrowserChannelServer.invokeJavascript(BrowserChannelServer.java:219)
	at com.google.gwt.dev.shell.ModuleSpaceOOPHM.doInvoke(ModuleSpaceOOPHM.java:136)
	at com.google.gwt.dev.shell.ModuleSpace.invokeNative(ModuleSpace.java:576)
	at com.google.gwt.dev.shell.ModuleSpace.invokeNativeObject(ModuleSpace.java:284)
	at com.google.gwt.dev.shell.JavaScriptHost.invokeNativeObject(JavaScriptHost.java:91)
	at com.google.gwt.core.client.impl.Impl.apply(Impl.java)
	at com.google.gwt.core.client.impl.Impl.entry0(Impl.java:363)
	at sun.reflect.NativeMethodAccessorImpl.invoke0(Native Method)
	at sun.reflect.NativeMethodAccessorImpl.invoke(NativeMethodAccessorImpl.java:57)
	at sun.reflect.DelegatingMethodAccessorImpl.invoke(DelegatingMethodAccessorImpl.java:43)
	at java.lang.reflect.Method.invoke(Method.java:606)
	at com.google.gwt.dev.shell.MethodAdaptor.invoke(MethodAdaptor.java:103)
	at com.google.gwt.dev.shell.MethodDispatch.invoke(MethodDispatch.java:71)
	at com.google.gwt.dev.shell.OophmSessionHandler.invoke(OophmSessionHandler.java:172)
	at com.google.gwt.dev.shell.BrowserChannelServer.reactToMessages(BrowserChannelServer.java:293)
	at com.google.gwt.dev.shell.BrowserChannelServer.processConnection(BrowserChannelServer.java:547)
	at com.google.gwt.dev.shell.BrowserChannelServer.run(BrowserChannelServer.java:364)
	at java.lang.Thread.run(Thread.java:724)
</failure>
    <system-out>Please navigate your browser to this URL:
http://192.168.2.34:54998/com.alfrescodev.AppJUnit.JUnit/junit-standards.html?gwt.codesvr=192.168.2.34:54996
200 - GET /com.alfrescodev.AppJUnit.JUnit/junit-standards.html?gwt.codesvr=192.168.2.34:54996 (192.168.2.34) 2665 bytes
200 - GET /com.alfrescodev.AppJUnit.JUnit/com.alfrescodev.AppJUnit.JUnit.nocache.js (192.168.2.34) 5864 bytes
200 - GET /com.alfrescodev.AppJUnit.JUnit/hosted.html?com_alfrescodev_AppJUnit_JUnit (192.168.2.34) 11975 bytes
200 - GET /com.alfrescodev.AppJUnit.JUnit/gwt/standard/standard.css (192.168.2.34) 27038 bytes
Module com.alfrescodev.AppJUnit.JUnit has been loaded
200 - POST /com.alfrescodev.AppJUnit.JUnit/junithost (192.168.2.34) 215 bytes
1 - 192.168.2.34 / Mozilla/5.0 (Windows NT 6.2; WOW64; rv:24.0) Gecko/20100101 Firefox/24.0
All clients connected (Limiting future permutations to: gecko1_8)
</system-out>
    <system-err>июн 17, 2014 9:26:24 PM java.util.prefs.WindowsPreferences &lt;init&gt;
WARNING: Could not open/create prefs root node Software\JavaSoft\Prefs at root 0x80000002. Windows RegCreateKeyEx(...) returned error code 5.
</system-err>
  </testcase>
</testsuite>